<?xml version="1.0" encoding="UTF-8"?>
<!-- Generated by org.testng.reporters.JUnitReportReporter -->
<testsuite hostname="DESKTOP-KM6FPHG" failures="0" tests="1" name="com.example.Browser" time="9.720" errors="0" timestamp="2022-07-28T23:21:08 IST" skipped="0">
  <testcase classname="com.example.Browser" name="runtest" time="9.720"/>
  <system-out/>
</testsuite> <!-- com.example.Browser -->
